[2025-08-26T15:43:58.203] [ERROR] default - authData environment variable is not defined or is not a valid string
[2025-08-26T15:43:58.203] [ERROR] default - Failed to upload issues to platform: Error: authData environment variable is not defined or is not a valid string
[2025-08-26T15:44:00.396] [ERROR] default - authData environment variable is not defined or is not a valid string
[2025-08-26T15:44:00.396] [ERROR] default - Failed to upload issues to platform: Error: authData environment variable is not defined or is not a valid string
[2025-08-26T15:44:02.417] [ERROR] default - authData environment variable is not defined or is not a valid string
[2025-08-26T15:44:02.417] [ERROR] default - Failed to upload issues to platform: Error: authData environment variable is not defined or is not a valid string
[2025-08-26T15:44:04.975] [ERROR] default - authData environment variable is not defined or is not a valid string
[2025-08-26T15:44:04.975] [ERROR] default - Failed to upload issues to platform: Error: authData environment variable is not defined or is not a valid string
[2025-08-26T15:49:12.646] [ERROR] default - authData environment variable is not defined or is not a valid string
[2025-08-26T15:49:12.646] [ERROR] default - Failed to upload issues to platform: Error: authData environment variable is not defined or is not a valid string
[2025-08-26T15:49:14.682] [ERROR] default - authData environment variable is not defined or is not a valid string
[2025-08-26T15:49:14.682] [ERROR] default - Failed to upload issues to platform: Error: authData environment variable is not defined or is not a valid string
[2025-08-26T15:49:17.121] [ERROR] default - authData environment variable is not defined or is not a valid string
[2025-08-26T15:49:17.121] [ERROR] default - Failed to upload issues to platform: Error: authData environment variable is not defined or is not a valid string
[2025-08-26T15:49:19.303] [ERROR] default - authData environment variable is not defined or is not a valid string
[2025-08-26T15:49:19.303] [ERROR] default - Failed to upload issues to platform: Error: authData environment variable is not defined or is not a valid string
[2025-08-28T09:26:11.246] [ERROR] default - The message is too long (1270), only the first 1000 characters will be logged. 
      In order to log such long messages -> update logging configuration.
[2025-08-28T09:26:11.246] [ERROR] default - Authorization ERROR: Cannot get authentication token -- AxiosError: Request failed with status code 404, please check the ENV settings. 
AxiosError: Request failed with status code 404
    at _A (/Users/shane/Documents/support-golden-examples/js-selenium-web/node_modules/@evinced/js-selenium-sdk/dist/ev-selenium-sdk.bundle.js:2:3867519)
    at IncomingMessage.<anonymous> (/Users/shane/Documents/support-golden-examples/js-selenium-web/node_modules/@evinced/js-selenium-sdk/dist/ev-selenium-sdk.bundle.js:2:3879694)
    at IncomingMessage.emit (node:events:536:35)
    at endReadableNT (node:internal/streams/readable:1698:12)
    at process.processTicksAndRejections (node:internal/process/task_queues:90:21)
    at it.request (/Users/shane/Documents/support-golden-examples/js-selenium-web/node_modules/@evinced/js-selenium-sdk/dist/ev-selenium-sdk.bundle.js:2:3891909)
    at process.processTicksAndRejections (node:internal/process/task_queues:105:5)
    at async S (/Users/shane/Documents/supp
